[2023-12-19 20:42:47,719 - INFO - run_with_reloader] --> Watching for file changes with StatReloader
[2023-12-19 20:42:51,807 - WARNING - log_response] --> Not Found: /favicon.ico
[2023-12-19 20:43:03,231 - ERROR - log_response] --> Internal Server Error: /admin/WebUiAutoTest/webcase/
Traceback (most recent call last):
  File "D:\test-programs\pythonSpace\django_simpleUi\venv\lib\site-packages\django\db\backends\utils.py", line 84, in _execute
    return self.cursor.execute(sql, params)
  File "D:\test-programs\pythonSpace\django_simpleUi\venv\lib\site-packages\django\db\backends\mysql\base.py", line 73, in execute
    return self.cursor.execute(query, args)
  File "D:\test-programs\pythonSpace\django_simpleUi\venv\lib\site-packages\MySQLdb\cursors.py", line 206, in execute
    res = self._query(query)
  File "D:\test-programs\pythonSpace\django_simpleUi\venv\lib\site-packages\MySQLdb\cursors.py", line 319, in _query
    db.query(q)
  File "D:\test-programs\pythonSpace\django_simpleUi\venv\lib\site-packages\MySQLdb\connections.py", line 254, in query
    _mysql.connection.query(self, query)
MySQLdb.ProgrammingError: (1146, "Table 'django_simpleui.webuiautotest_webcase' doesn't exist")

The above exception was the direct cause of the following exception:

Traceback (most recent call last):
  File "D:\test-programs\pythonSpace\django_simpleUi\venv\lib\site-packages\django\core\handlers\exception.py", line 47, in inner
    response = get_response(request)
  File "D:\test-programs\pythonSpace\django_simpleUi\venv\lib\site-packages\django\core\handlers\base.py", line 181, in _get_response
    response = wrapped_callback(request, *callback_args, **callback_kwargs)
  File "D:\test-programs\pythonSpace\django_simpleUi\venv\lib\site-packages\django\contrib\admin\options.py", line 616, in wrapper
    return self.admin_site.admin_view(view)(*args, **kwargs)
  File "D:\test-programs\pythonSpace\django_simpleUi\venv\lib\site-packages\django\utils\decorators.py", line 130, in _wrapped_view
    response = view_func(request, *args, **kwargs)
  File "D:\test-programs\pythonSpace\django_simpleUi\venv\lib\site-packages\django\views\decorators\cache.py", line 44, in _wrapped_view_func
    response = view_func(request, *args, **kwargs)
  File "D:\test-programs\pythonSpace\django_simpleUi\venv\lib\site-packages\django\contrib\admin\sites.py", line 232, in inner
    return view(request, *args, **kwargs)
  File "D:\test-programs\pythonSpace\django_simpleUi\venv\lib\site-packages\django\utils\decorators.py", line 43, in _wrapper
    return bound_method(*args, **kwargs)
  File "D:\test-programs\pythonSpace\django_simpleUi\venv\lib\site-packages\django\utils\decorators.py", line 130, in _wrapped_view
    response = view_func(request, *args, **kwargs)
  File "D:\test-programs\pythonSpace\django_simpleUi\venv\lib\site-packages\django\contrib\admin\options.py", line 1697, in changelist_view
    cl = self.get_changelist_instance(request)
  File "D:\test-programs\pythonSpace\django_simpleUi\venv\lib\site-packages\django\contrib\admin\options.py", line 749, in get_changelist_instance
    sortable_by,
  File "D:\test-programs\pythonSpace\django_simpleUi\venv\lib\site-packages\django\contrib\admin\views\main.py", line 100, in __init__
    self.get_results(request)
  File "D:\test-programs\pythonSpace\django_simpleUi\venv\lib\site-packages\django\contrib\admin\views\main.py", line 235, in get_results
    result_count = paginator.count
  File "D:\test-programs\pythonSpace\django_simpleUi\venv\lib\site-packages\django\utils\functional.py", line 48, in __get__
    res = instance.__dict__[self.name] = self.func(instance)
  File "D:\test-programs\pythonSpace\django_simpleUi\venv\lib\site-packages\django\core\paginator.py", line 97, in count
    return c()
  File "D:\test-programs\pythonSpace\django_simpleUi\venv\lib\site-packages\django\db\models\query.py", line 412, in count
    return self.query.get_count(using=self.db)
  File "D:\test-programs\pythonSpace\django_simpleUi\venv\lib\site-packages\django\db\models\sql\query.py", line 528, in get_count
    number = obj.get_aggregation(using, ['__count'])['__count']
  File "D:\test-programs\pythonSpace\django_simpleUi\venv\lib\site-packages\django\db\models\sql\query.py", line 513, in get_aggregation
    result = compiler.execute_sql(SINGLE)
  File "D:\test-programs\pythonSpace\django_simpleUi\venv\lib\site-packages\django\db\models\sql\compiler.py", line 1175, in execute_sql
    cursor.execute(sql, params)
  File "D:\test-programs\pythonSpace\django_simpleUi\venv\lib\site-packages\django\db\backends\utils.py", line 98, in execute
    return super().execute(sql, params)
  File "D:\test-programs\pythonSpace\django_simpleUi\venv\lib\site-packages\django\db\backends\utils.py", line 66, in execute
    return self._execute_with_wrappers(sql, params, many=False, executor=self._execute)
  File "D:\test-programs\pythonSpace\django_simpleUi\venv\lib\site-packages\django\db\backends\utils.py", line 75, in _execute_with_wrappers
    return executor(sql, params, many, context)
  File "D:\test-programs\pythonSpace\django_simpleUi\venv\lib\site-packages\django\db\backends\utils.py", line 84, in _execute
    return self.cursor.execute(sql, params)
  File "D:\test-programs\pythonSpace\django_simpleUi\venv\lib\site-packages\django\db\utils.py", line 90, in __exit__
    raise dj_exc_value.with_traceback(traceback) from exc_value
  File "D:\test-programs\pythonSpace\django_simpleUi\venv\lib\site-packages\django\db\backends\utils.py", line 84, in _execute
    return self.cursor.execute(sql, params)
  File "D:\test-programs\pythonSpace\django_simpleUi\venv\lib\site-packages\django\db\backends\mysql\base.py", line 73, in execute
    return self.cursor.execute(query, args)
  File "D:\test-programs\pythonSpace\django_simpleUi\venv\lib\site-packages\MySQLdb\cursors.py", line 206, in execute
    res = self._query(query)
  File "D:\test-programs\pythonSpace\django_simpleUi\venv\lib\site-packages\MySQLdb\cursors.py", line 319, in _query
    db.query(q)
  File "D:\test-programs\pythonSpace\django_simpleUi\venv\lib\site-packages\MySQLdb\connections.py", line 254, in query
    _mysql.connection.query(self, query)
django.db.utils.ProgrammingError: (1146, "Table 'django_simpleui.webuiautotest_webcase' doesn't exist")
[2023-12-19 20:52:36,511 - INFO - trigger_reload] --> D:\test-programs\pythonSpace\django_simpleUi\WebUiAutoTest\admin.py changed, reloading.
[2023-12-19 20:52:38,222 - INFO - run_with_reloader] --> Watching for file changes with StatReloader
[2023-12-19 20:52:45,443 - INFO - run_case] --> 测试数据处理中...
[2023-12-19 20:52:45,454 - INFO - send_yaml_file] --> 查询数据表，并生成yaml测试用例文件中...
[2023-12-19 20:52:45,513 - INFO - send_yaml_file] --> 生成测试用例文件：test_web医院端V1.3.0.0_百度搜索功能--成都.yaml完成...
[2023-12-19 20:52:45,514 - INFO - run_case] --> 生成测试调用命令完成...
[2023-12-19 20:52:45,943 - INFO - run_case] --> 激活虚拟环境成功，并调用selenium插件开始测试...
[2023-12-19 20:53:40,238 - INFO - run_case] --> 测试完成，开始保存测试报告...
[2023-12-19 20:53:40,242 - INFO - run_case] --> 测试完成，保存测试报告成功...
[2023-12-19 20:53:40,243 - INFO - run_case] --> 本次测试完成...
[2023-12-19 20:54:24,562 - INFO - run_case] --> 测试数据处理中...
[2023-12-19 20:54:24,571 - INFO - send_yaml_file] --> 查询数据表，并生成yaml测试用例文件中...
[2023-12-19 20:54:24,610 - INFO - send_yaml_file] --> 生成测试用例文件：test_web医院端V1.3.0.0_百度搜索功能--成都.yaml完成...
[2023-12-19 20:54:24,611 - INFO - run_case] --> 生成测试调用命令完成...
[2023-12-19 20:54:24,888 - INFO - run_case] --> 激活虚拟环境成功，并调用selenium插件开始测试...
[2023-12-19 20:55:08,820 - INFO - run_case] --> 测试完成，开始保存测试报告...
[2023-12-19 20:55:08,833 - INFO - run_case] --> 测试完成，保存测试报告成功...
[2023-12-19 20:55:08,833 - INFO - run_case] --> 本次测试完成...
[2023-12-19 21:16:17,094 - INFO - run_case] --> 测试数据处理中...
[2023-12-19 21:16:17,100 - INFO - send_yaml_file] --> 查询数据表，并生成yaml测试用例文件中...
[2023-12-19 21:16:17,118 - INFO - send_yaml_file] --> 生成测试用例文件：test_web医院端V1.3.0.0_百度搜索功能--成都.yaml完成...
[2023-12-19 21:16:17,144 - INFO - run_case] --> 生成测试调用命令完成...
[2023-12-19 21:16:17,577 - INFO - run_case] --> 激活虚拟环境成功，并调用selenium插件开始测试...
[2023-12-19 21:17:03,434 - INFO - run_case] --> 测试完成，开始保存测试报告...
[2023-12-19 21:17:03,437 - INFO - run_case] --> 测试完成，保存测试报告成功...
[2023-12-19 21:17:03,437 - INFO - run_case] --> 本次测试完成...
[2023-12-19 21:18:09,492 - INFO - run_case] --> 测试数据处理中...
[2023-12-19 21:18:09,501 - INFO - send_yaml_file] --> 查询数据表，并生成yaml测试用例文件中...
[2023-12-19 21:18:09,530 - INFO - send_yaml_file] --> 生成测试用例文件：test_web医院端V1.3.0.0_百度搜索功能--成都.yaml完成...
[2023-12-19 21:18:09,532 - INFO - run_case] --> 生成测试调用命令完成...
[2023-12-19 21:18:09,762 - INFO - run_case] --> 激活虚拟环境成功，并调用selenium插件开始测试...
[2023-12-19 21:18:54,151 - INFO - run_case] --> 测试完成，开始保存测试报告...
[2023-12-19 21:18:54,167 - INFO - run_case] --> 测试完成，保存测试报告成功...
[2023-12-19 21:18:54,168 - INFO - run_case] --> 本次测试完成...
[2023-12-19 21:49:41,063 - INFO - run_case] --> 测试数据处理中...
[2023-12-19 21:49:41,069 - INFO - send_yaml_file] --> 查询数据表，并生成yaml测试用例文件中...
[2023-12-19 21:49:41,093 - INFO - send_yaml_file] --> 生成测试用例文件：test_web医院端V1.3.0.0_百度搜索功能--成都.yaml完成...
[2023-12-19 21:49:41,096 - INFO - run_case] --> 生成测试调用命令完成...
[2023-12-19 21:49:41,254 - INFO - run_case] --> 激活虚拟环境成功，并调用selenium插件开始测试...
[2023-12-19 21:50:27,910 - INFO - run_case] --> 测试完成，开始保存测试报告...
[2023-12-19 21:50:27,914 - INFO - run_case] --> 测试完成，保存测试报告成功...
[2023-12-19 21:50:27,914 - INFO - run_case] --> 本次测试完成...
[2023-12-19 21:53:50,723 - INFO - run_case] --> 测试数据处理中...
[2023-12-19 21:53:50,730 - INFO - send_yaml_file] --> 查询数据表，并生成yaml测试用例文件中...
[2023-12-19 21:53:50,758 - INFO - send_yaml_file] --> 生成测试用例文件：test_web医院端V1.3.0.0_百度搜索功能--成都.yaml完成...
[2023-12-19 21:53:50,759 - INFO - run_case] --> 生成测试调用命令完成...
[2023-12-19 21:53:51,089 - INFO - run_case] --> 激活虚拟环境成功，并调用selenium插件开始测试...
[2023-12-19 21:54:33,478 - INFO - run_case] --> 测试完成，开始保存测试报告...
[2023-12-19 21:54:33,492 - INFO - run_case] --> 测试完成，保存测试报告成功...
[2023-12-19 21:54:33,492 - INFO - run_case] --> 本次测试完成...
[2023-12-19 21:55:00,429 - INFO - run_case] --> 测试数据处理中...
[2023-12-19 21:55:00,435 - INFO - send_yaml_file] --> 查询数据表，并生成yaml测试用例文件中...
[2023-12-19 21:55:00,448 - INFO - send_yaml_file] --> 生成测试用例文件：test_web医院端V1.3.0.0_百度搜索功能--成都.yaml完成...
[2023-12-19 21:55:00,449 - INFO - run_case] --> 生成测试调用命令完成...
[2023-12-19 21:55:00,822 - INFO - run_case] --> 激活虚拟环境成功，并调用selenium插件开始测试...
[2023-12-19 21:55:42,148 - INFO - run_case] --> 测试完成，开始保存测试报告...
[2023-12-19 21:55:42,165 - INFO - run_case] --> 测试完成，保存测试报告成功...
[2023-12-19 21:55:42,166 - INFO - run_case] --> 本次测试完成...
[2023-12-19 21:57:06,200 - INFO - clone_selected_records] --> 测试用例模块：复制并保存选择数据中...
[2023-12-19 21:57:06,205 - INFO - clone_selected_records] --> 复制并保存选择数据操作，保存主表数据成功...
[2023-12-19 21:57:06,213 - INFO - clone_selected_records] --> 复制并保存选择数据操作，保存参数项数据成功...
[2023-12-19 21:57:06,225 - INFO - clone_selected_records] --> 复制并保存选择数据操作，保存测试步骤数据成功...
[2023-12-19 21:57:06,239 - INFO - clone_selected_records] --> 复制并保存选择数据操作，保存DDT数据成功...
[2023-12-19 21:57:06,240 - INFO - clone_selected_records] --> 复制并保存选择数据操作完成...
[2023-12-19 21:57:15,049 - INFO - save_model] --> 保存测试用例数据中...
[2023-12-19 21:57:15,053 - INFO - save_model] --> 保存测试用例数据完成...
[2023-12-19 21:57:15,058 - INFO - save_formset] --> 保存数据测试用例数据完成...
[2023-12-19 21:57:15,070 - INFO - save_formset] --> 保存数据测试用例数据完成...
[2023-12-19 21:57:15,070 - INFO - save_formset] --> 保存数据测试用例数据完成...
[2023-12-19 21:57:15,070 - INFO - save_formset] --> 保存数据测试用例数据完成...
[2023-12-19 21:57:20,090 - INFO - clone_selected_records] --> 测试用例模块：复制并保存选择数据中...
[2023-12-19 21:57:20,094 - INFO - clone_selected_records] --> 复制并保存选择数据操作，保存主表数据成功...
[2023-12-19 21:57:20,104 - INFO - clone_selected_records] --> 复制并保存选择数据操作，保存参数项数据成功...
[2023-12-19 21:57:20,116 - INFO - clone_selected_records] --> 复制并保存选择数据操作，保存测试步骤数据成功...
[2023-12-19 21:57:20,119 - INFO - clone_selected_records] --> 复制并保存选择数据操作，保存DDT数据成功...
[2023-12-19 21:57:20,120 - INFO - clone_selected_records] --> 复制并保存选择数据操作完成...
[2023-12-19 21:57:29,217 - INFO - save_model] --> 保存测试用例数据中...
[2023-12-19 21:57:29,220 - INFO - save_model] --> 保存测试用例数据完成...
[2023-12-19 21:57:29,224 - INFO - save_formset] --> 保存数据测试用例数据完成...
[2023-12-19 21:57:29,233 - INFO - save_formset] --> 保存数据测试用例数据完成...
[2023-12-19 21:57:29,234 - INFO - save_formset] --> 保存数据测试用例数据完成...
[2023-12-19 21:57:29,234 - INFO - save_formset] --> 保存数据测试用例数据完成...
[2023-12-19 21:57:32,958 - INFO - run_case] --> 测试数据处理中...
[2023-12-19 21:57:32,966 - INFO - send_yaml_file] --> 查询数据表，并生成yaml测试用例文件中...
[2023-12-19 21:57:32,994 - INFO - send_yaml_file] --> 生成测试用例文件：test_web医院端V1.3.0.0_百度搜索功能--成都3.yaml完成...
[2023-12-19 21:57:32,996 - INFO - run_case] --> 生成测试调用命令完成...
[2023-12-19 21:57:33,140 - INFO - run_case] --> 激活虚拟环境成功，并调用selenium插件开始测试...
[2023-12-19 21:58:39,044 - INFO - run_case] --> 测试完成，开始保存测试报告...
[2023-12-19 21:58:39,058 - INFO - run_case] --> 测试完成，保存测试报告成功...
[2023-12-19 21:58:39,058 - INFO - run_case] --> 本次测试完成...
[2023-12-19 21:59:19,473 - INFO - run_case] --> 测试数据处理中...
[2023-12-19 21:59:19,481 - INFO - send_yaml_file] --> 查询数据表，并生成yaml测试用例文件中...
[2023-12-19 21:59:19,522 - INFO - send_yaml_file] --> 生成测试用例文件：test_web医院端V1.3.0.0_百度搜索功能--成都3.yaml完成...
[2023-12-19 21:59:19,524 - INFO - run_case] --> 生成测试调用命令完成...
[2023-12-19 21:59:19,657 - INFO - run_case] --> 激活虚拟环境成功，并调用selenium插件开始测试...
[2023-12-19 22:00:26,691 - INFO - run_case] --> 测试完成，开始保存测试报告...
[2023-12-19 22:00:26,706 - INFO - run_case] --> 测试完成，保存测试报告成功...
[2023-12-19 22:00:26,706 - INFO - run_case] --> 本次测试完成...
[2023-12-19 22:00:49,152 - INFO - run_case] --> 测试数据处理中...
[2023-12-19 22:00:49,160 - INFO - send_yaml_file] --> 查询数据表，并生成yaml测试用例文件中...
[2023-12-19 22:00:49,192 - INFO - send_yaml_file] --> 生成测试用例文件：test_web医院端V1.3.0.0_百度搜索功能--成都3.yaml完成...
[2023-12-19 22:00:49,194 - INFO - run_case] --> 生成测试调用命令完成...
[2023-12-19 22:00:49,335 - INFO - run_case] --> 激活虚拟环境成功，并调用selenium插件开始测试...
[2023-12-19 22:01:58,595 - INFO - run_case] --> 测试完成，开始保存测试报告...
[2023-12-19 22:01:58,598 - INFO - run_case] --> 测试完成，保存测试报告成功...
[2023-12-19 22:01:58,598 - INFO - run_case] --> 本次测试完成...
[2023-12-19 22:02:03,477 - INFO - run_case] --> 测试数据处理中...
[2023-12-19 22:02:03,484 - INFO - send_yaml_file] --> 查询数据表，并生成yaml测试用例文件中...
[2023-12-19 22:02:03,512 - INFO - send_yaml_file] --> 生成测试用例文件：test_web医院端V1.3.0.0_百度搜索功能--成都3.yaml完成...
[2023-12-19 22:02:03,514 - INFO - run_case] --> 生成测试调用命令完成...
[2023-12-19 22:02:03,647 - INFO - run_case] --> 激活虚拟环境成功，并调用selenium插件开始测试...
[2023-12-19 22:03:11,407 - INFO - run_case] --> 测试完成，开始保存测试报告...
[2023-12-19 22:03:11,420 - INFO - run_case] --> 测试完成，保存测试报告成功...
[2023-12-19 22:03:11,420 - INFO - run_case] --> 本次测试完成...
